[Tue May 24 13:26:29 2022] PHP 8.1.4 Development Server (http://localhost:8080) started
[Tue May 24 13:28:51 2022] PHP 8.1.4 Development Server (http://localhost:8080) started
[Tue May 24 13:31:08 2022] [::1]:58176 Accepted
[Tue May 24 13:31:08 2022] [::1]:58176 [200]: GET /proj
[Tue May 24 13:31:08 2022] [::1]:58176 Closing
[Tue May 24 13:31:08 2022] [::1]:58177 Accepted
[Tue May 24 13:31:08 2022] [::1]:58177 [200]: GET /css/proj.css
[Tue May 24 13:31:08 2022] [::1]:58177 Closing
[Tue May 24 13:31:08 2022] [::1]:58178 Accepted
[Tue May 24 13:31:08 2022] [::1]:58178 [200]: GET /favicon.ico
[Tue May 24 13:31:08 2022] [::1]:58178 Closing
[Tue May 24 13:31:26 2022] [::1]:58210 Accepted
[Tue May 24 13:31:26 2022] [::1]:58210 [200]: GET /proj
[Tue May 24 13:31:26 2022] [::1]:58210 Closing
[Tue May 24 13:31:27 2022] [::1]:58211 Accepted
[Tue May 24 13:31:27 2022] [::1]:58211 [200]: GET /css/proj.css
[Tue May 24 13:31:27 2022] [::1]:58211 Closing
[Tue May 24 13:31:27 2022] [::1]:58212 Accepted
[Tue May 24 13:31:27 2022] [::1]:58212 [200]: GET /favicon.ico
[Tue May 24 13:31:27 2022] [::1]:58212 Closing
[Tue May 24 13:31:41 2022] [::1]:58226 Accepted
[Tue May 24 13:31:42 2022] [::1]:58226 [200]: GET /proj
[Tue May 24 13:31:42 2022] [::1]:58226 Closing
[Tue May 24 13:31:42 2022] [::1]:58227 Accepted
[Tue May 24 13:31:42 2022] [::1]:58227 [200]: GET /css/proj.css
[Tue May 24 13:31:42 2022] [::1]:58227 Closing
[Tue May 24 13:31:42 2022] [::1]:58228 Accepted
[Tue May 24 13:31:42 2022] [::1]:58228 [200]: GET /favicon.ico
[Tue May 24 13:31:42 2022] [::1]:58228 Closing
[Tue May 24 13:32:13 2022] [::1]:58282 Accepted
[Tue May 24 13:32:13 2022] [::1]:58282 [200]: GET /proj
[Tue May 24 13:32:13 2022] [::1]:58282 Closing
[Tue May 24 13:32:13 2022] [::1]:58283 Accepted
[Tue May 24 13:32:13 2022] [::1]:58283 [200]: GET /css/proj.css
[Tue May 24 13:32:13 2022] [::1]:58283 Closing
[Tue May 24 13:32:13 2022] [::1]:58284 Accepted
[Tue May 24 13:32:13 2022] [::1]:58284 [200]: GET /favicon.ico
[Tue May 24 13:32:13 2022] [::1]:58284 Closing
[Tue May 24 13:32:24 2022] [::1]:58292 Accepted
[Tue May 24 13:32:25 2022] [::1]:58292 [200]: GET /proj
[Tue May 24 13:32:25 2022] [::1]:58292 Closing
[Tue May 24 13:32:25 2022] [::1]:58293 Accepted
[Tue May 24 13:32:25 2022] [::1]:58293 [200]: GET /css/proj.css
[Tue May 24 13:32:25 2022] [::1]:58293 Closing
[Tue May 24 13:32:25 2022] [::1]:58294 Accepted
[Tue May 24 13:32:25 2022] [::1]:58294 [200]: GET /favicon.ico
[Tue May 24 13:32:25 2022] [::1]:58294 Closing
[Tue May 24 13:33:10 2022] PHP 8.1.4 Development Server (http://localhost:8080) started
